<?xml version="1.0" encoding="UTF-8"?>
<!-- Generated by org.testng.reporters.JUnitReportReporter -->
<testsuite hostname="LAPTOP-HHVVK8NV" name="hanjia.demo3" tests="2" failures="0" timestamp="10 Jan 2019 08:07:41 GMT" time="1.383" errors="0">
  <testcase name="login" time="0.799" classname="hanjia.demo3"/>
  <testcase name="yijian" time="0.584" classname="hanjia.demo3"/>
</testsuite> <!-- hanjia.demo3 -->
