<?xml version="1.0" encoding="UTF-8"?>
<!-- Generated by org.testng.reporters.JUnitReportReporter -->
<testsuite hostname="LAPTOP-HHVVK8NV" name="hanjia.demo1" tests="1" failures="0" timestamp="10 Jan 2019 07:40:36 GMT" time="1.082" errors="0">
  <testcase name="sousuo" time="1.082" classname="hanjia.demo1"/>
</testsuite> <!-- hanjia.demo1 -->
