<?xml version="1.0" encoding="UTF-8"?>
<!-- Generated by org.testng.reporters.JUnitReportReporter -->
<testsuite hostname="LAPTOP-HHVVK8NV" name="openbaidu.openbaidu" tests="1" failures="0" timestamp="18 Mar 2019 02:46:00 GMT" time="5.351" errors="0">
  <testcase name="setup" time="5.351" classname="openbaidu.openbaidu"/>
</testsuite> <!-- openbaidu.openbaidu -->
